[debug] [2025-06-25T21:25:18.169Z] ----------------------------------------------------------------------
[debug] [2025-06-25T21:25:18.171Z] Command:       /usr/local/bin/node /usr/local/bin/firebase init
[debug] [2025-06-25T21:25:18.171Z] CLI Version:   14.8.0
[debug] [2025-06-25T21:25:18.171Z] Platform:      darwin
[debug] [2025-06-25T21:25:18.171Z] Node Version:  v22.7.0
[debug] [2025-06-25T21:25:18.171Z] Time:          Wed Jun 25 2025 22:25:18 GMT+0100 (British Summer Time)
[debug] [2025-06-25T21:25:18.171Z] ----------------------------------------------------------------------
[debug] 
[debug] [2025-06-25T21:25:18.175Z] > command requires scopes: ["email","openid","https://www.googleapis.com/auth/cloudplatformprojects.readonly","https://www.googleapis.com/auth/firebase","https://www.googleapis.com/auth/cloud-platform"]
[debug] [2025-06-25T21:25:18.175Z] > authorizing via signed-in user (abate.niccolo@gmail.com)
[info] 
     ######## #### ########  ######## ########     ###     ######  ########
     ##        ##  ##     ## ##       ##     ##  ##   ##  ##       ##
     ######    ##  ########  ######   ########  #########  ######  ######
     ##        ##  ##    ##  ##       ##     ## ##     ##       ## ##
     ##       #### ##     ## ######## ########  ##     ##  ######  ########

You're about to initialize a Firebase project in this directory:

  /Users/sylathas/Desktop/Projects/Work/Leo Carlton/NEW WEBSITE/Untitled/leo-carlton

[debug] [2025-06-25T21:26:24.245Z] ExitPromptError: User force closed the prompt with SIGINT
    at Interface.sigint (/usr/local/lib/node_modules/firebase-tools/node_modules/@inquirer/core/dist/commonjs/lib/create-prompt.js:101:37)
    at Interface.emit (node:events:520:28)
    at Interface.emit (node:domain:488:12)
    at [_ttyWrite] [as _ttyWrite] (node:internal/readline/interface:1125:18)
    at ReadStream.onkeypress (node:internal/readline/interface:264:20)
    at ReadStream.emit (node:events:532:35)
    at ReadStream.emit (node:domain:488:12)
    at emitKeys (node:internal/readline/utils:370:14)
    at emitKeys.next (<anonymous>)
    at ReadStream.onData (node:internal/readline/emitKeypressEvents:64:36)
[error] 
[error] Error: An unexpected error has occurred.
